SF:lib/models/item_model.dart
DA:19,4
DA:36,3
DA:39,3
DA:40,4
DA:43,3
DA:44,3
DA:45,3
DA:46,3
DA:47,3
DA:48,3
DA:49,3
DA:51,5
DA:52,3
DA:53,3
DA:54,3
DA:55,3
DA:56,3
DA:57,3
DA:61,3
DA:62,3
DA:63,3
DA:64,3
DA:65,3
DA:66,3
DA:67,3
DA:68,3
DA:69,3
DA:70,3
DA:71,3
DA:72,3
DA:73,3
DA:74,3
LF:32
LH:32
end_of_record
SF:lib/services/api_service.dart
DA:18,0
DA:20,0
DA:22,0
DA:24,0
DA:27,0
DA:28,0
DA:32,0
DA:33,0
DA:34,0
DA:35,0
DA:36,0
DA:37,0
DA:42,0
DA:43,0
DA:44,0
DA:48,0
DA:49,0
DA:50,0
DA:54,1
DA:56,1
DA:57,1
DA:61,1
DA:63,1
DA:64,1
DA:68,0
DA:69,0
DA:70,0
DA:71,0
DA:78,1
DA:79,1
DA:80,1
DA:82,1
DA:88,2
DA:89,1
DA:93,0
DA:94,0
DA:98,0
DA:104,0
DA:108,0
DA:109,0
DA:110,0
DA:111,0
DA:112,0
DA:113,0
DA:119,0
DA:120,0
DA:121,0
DA:122,0
DA:123,0
DA:126,0
DA:127,0
DA:128,0
DA:130,0
DA:132,0
DA:135,0
DA:139,0
DA:140,0
DA:144,0
DA:146,0
DA:148,0
DA:149,0
DA:151,0
DA:157,0
DA:159,0
DA:160,0
DA:161,0
DA:162,0
DA:163,0
DA:165,0
DA:166,0
DA:168,0
DA:170,0
DA:175,0
DA:176,0
DA:179,0
DA:183,0
DA:188,0
DA:189,0
DA:190,0
DA:191,0
DA:198,0
DA:199,0
DA:200,0
DA:202,0
DA:203,0
DA:204,0
DA:208,0
DA:211,0
DA:215,0
DA:216,0
DA:220,0
DA:222,0
DA:224,0
DA:225,0
DA:227,0
DA:233,0
DA:235,0
DA:236,0
DA:237,0
DA:238,0
DA:239,0
DA:241,0
DA:242,0
DA:244,0
DA:246,0
DA:251,0
DA:252,0
DA:255,0
DA:259,0
DA:261,0
DA:262,0
DA:263,0
DA:267,0
DA:268,0
DA:270,0
DA:272,0
DA:277,0
DA:279,0
DA:282,0
DA:286,0
DA:287,0
DA:290,0
DA:294,0
DA:295,0
DA:297,0
DA:298,0
DA:299,0
DA:303,0
DA:304,0
DA:305,0
DA:308,0
DA:310,0
DA:311,0
DA:312,0
DA:316,0
DA:318,0
DA:322,0
DA:323,0
DA:324,0
DA:325,0
DA:326,0
DA:328,0
DA:331,0
DA:333,0
DA:334,0
DA:335,0
DA:336,0
DA:338,0
DA:339,0
DA:340,0
DA:341,0
DA:343,0
DA:346,0
DA:351,0
DA:355,0
DA:356,0
DA:357,0
DA:359,0
DA:365,0
DA:366,0
DA:368,0
DA:371,0
DA:373,0
DA:377,0
DA:382,1
DA:384,2
DA:387,2
DA:388,2
DA:390,1
DA:391,2
DA:392,1
DA:395,3
DA:396,3
DA:398,2
DA:399,0
DA:400,0
DA:401,0
DA:404,3
DA:405,1
DA:408,2
DA:413,0
DA:414,0
DA:415,0
DA:416,0
DA:420,0
DA:422,0
DA:424,0
DA:426,0
DA:427,0
DA:430,0
DA:435,0
DA:437,0
DA:440,0
DA:441,0
DA:444,0
DA:446,0
DA:447,0
DA:450,0
DA:451,0
DA:455,0
DA:456,0
DA:457,0
DA:459,0
DA:460,0
DA:461,0
DA:462,0
DA:465,0
DA:466,0
DA:469,0
DA:470,0
DA:473,0
DA:474,0
DA:475,0
DA:479,0
DA:480,0
DA:483,0
DA:487,0
DA:488,0
DA:489,0
DA:493,0
DA:495,0
DA:498,0
DA:501,0
DA:503,0
DA:504,0
DA:508,0
DA:509,0
DA:511,0
DA:512,0
DA:513,0
DA:516,0
DA:517,0
DA:520,0
DA:521,0
DA:523,0
DA:525,0
DA:531,0
DA:532,0
DA:534,0
DA:537,0
DA:538,0
DA:542,0
DA:543,0
DA:546,0
DA:547,0
DA:548,0
DA:550,0
DA:551,0
DA:553,0
DA:554,0
DA:556,0
DA:557,0
DA:560,0
DA:561,0
DA:564,0
DA:567,0
DA:571,0
DA:574,0
DA:575,0
DA:576,0
DA:580,0
DA:582,0
DA:585,0
DA:589,0
DA:591,0
DA:592,0
DA:594,0
DA:597,0
DA:598,0
DA:600,0
DA:602,0
DA:603,0
DA:604,0
DA:607,0
DA:609,0
DA:610,0
DA:613,0
DA:614,0
DA:618,0
DA:622,0
DA:623,0
DA:624,0
DA:626,0
DA:629,0
DA:630,0
DA:632,0
DA:633,0
DA:637,0
DA:639,0
DA:640,0
DA:641,0
DA:644,0
DA:646,0
DA:647,0
DA:648,0
DA:649,0
DA:651,0
DA:654,0
DA:663,2
DA:664,2
DA:669,4
DA:675,2
DA:676,6
DA:680,2
DA:681,1
DA:685,1
DA:689,1
DA:691,2
DA:692,0
DA:694,0
DA:695,0
DA:698,0
DA:700,3
DA:705,0
DA:707,0
DA:710,0
DA:711,0
DA:712,0
DA:715,0
DA:716,0
DA:718,0
DA:724,0
DA:732,0
DA:738,0
DA:740,0
DA:741,0
DA:742,0
DA:743,0
DA:746,0
DA:748,0
DA:749,0
DA:751,0
DA:754,0
DA:755,0
DA:757,0
DA:758,0
DA:759,0
DA:762,0
DA:763,0
DA:768,0
DA:769,0
DA:770,0
DA:773,0
DA:775,0
DA:782,0
DA:784,0
DA:786,0
DA:787,0
DA:791,0
DA:792,0
DA:794,0
DA:795,0
DA:796,0
DA:799,0
DA:801,0
DA:802,0
DA:804,0
DA:805,0
DA:809,0
DA:810,0
DA:811,0
DA:812,0
DA:813,0
DA:814,0
DA:815,0
DA:816,0
DA:817,0
DA:818,0
DA:819,0
DA:820,0
DA:825,0
DA:828,0
DA:829,0
DA:831,0
DA:832,0
DA:838,0
DA:839,0
DA:842,0
DA:843,0
DA:846,0
DA:848,0
DA:854,0
DA:856,0
DA:858,0
DA:859,0
DA:863,0
DA:864,0
DA:865,0
DA:870,0
DA:876,0
DA:878,0
DA:880,0
DA:881,0
DA:885,0
DA:886,0
DA:887,0
DA:892,0
DA:898,0
DA:900,0
DA:902,0
DA:903,0
DA:904,0
DA:907,0
DA:908,0
DA:910,0
DA:911,0
DA:915,0
DA:917,0
DA:918,0
DA:922,0
DA:923,0
DA:926,0
DA:930,0
DA:931,0
DA:934,0
DA:935,0
DA:938,0
DA:939,0
DA:940,0
DA:947,0
DA:949,0
DA:950,0
DA:951,0
DA:955,0
DA:957,0
DA:958,0
DA:959,0
DA:964,0
DA:966,0
DA:968,0
DA:973,0
DA:979,0
DA:981,0
DA:986,0
DA:988,0
DA:989,0
DA:991,0
DA:993,0
DA:994,0
LF:439
LH:36
end_of_record
SF:lib/models/rental_model.dart
DA:14,2
DA:23,2
DA:25,2
DA:27,4
DA:30,1
DA:32,2
DA:35,1
DA:36,2
DA:40,1
DA:41,0
DA:42,0
DA:43,0
DA:44,0
DA:45,0
DA:48,1
DA:49,3
DA:53,1
DA:54,2
DA:55,0
DA:56,0
DA:57,0
DA:59,0
DA:60,0
DA:61,0
DA:62,0
DA:64,0
DA:68,1
DA:69,3
DA:72,2
DA:73,2
DA:75,1
DA:76,2
DA:78,1
DA:79,1
DA:82,0
DA:83,0
DA:88,2
DA:89,2
DA:90,3
DA:91,3
DA:92,3
DA:93,3
DA:94,4
DA:95,2
DA:96,2
DA:100,3
DA:101,3
LF:47
LH:32
end_of_record
SF:lib/models/user_model.dart
DA:7,4
DA:14,3
DA:15,6
DA:17,3
DA:18,4
DA:19,3
DA:20,3
DA:21,3
DA:24,0
DA:25,0
DA:30,4
DA:31,2
DA:32,2
DA:33,2
DA:34,2
DA:38,6
LF:16
LH:14
end_of_record
SF:lib/models/review_model.dart
DA:13,1
DA:24,1
DA:26,2
DA:29,3
DA:31,1
DA:32,1
DA:33,5
DA:34,2
DA:36,5
DA:37,1
DA:39,1
DA:41,2
DA:42,2
DA:43,0
DA:45,1
DA:46,0
DA:47,1
DA:52,1
DA:53,1
DA:54,2
DA:55,2
DA:56,5
DA:60,1
DA:61,3
LF:24
LH:22
end_of_record
SF:lib/pages/admin_dashboard.dart
DA:12,1
DA:14,1
DA:15,1
DA:49,1
DA:51,1
DA:52,1
DA:53,1
DA:56,1
DA:58,1
DA:60,1
DA:63,0
DA:66,1
DA:68,2
DA:69,2
DA:71,0
DA:72,0
DA:73,0
DA:77,1
DA:78,1
DA:79,1
DA:80,1
DA:81,1
DA:82,3
DA:83,1
DA:84,1
DA:85,1
DA:87,1
DA:88,1
DA:89,1
DA:92,0
DA:93,0
DA:94,0
DA:96,0
DA:98,1
DA:103,0
DA:104,0
DA:106,0
DA:109,0
DA:111,0
DA:115,0
DA:116,0
DA:117,0
DA:119,0
DA:120,0
DA:122,0
DA:123,0
DA:127,0
DA:129,0
DA:130,0
DA:131,0
DA:132,0
DA:135,0
DA:137,0
DA:141,1
DA:143,1
DA:145,1
DA:147,2
DA:148,1
DA:149,1
DA:150,1
DA:151,1
DA:155,1
DA:156,1
DA:158,1
DA:159,1
DA:160,1
DA:161,1
DA:162,1
DA:163,1
DA:164,1
DA:165,1
DA:166,1
DA:172,3
DA:175,2
DA:176,0
DA:177,0
DA:178,0
DA:179,0
DA:180,0
DA:182,0
DA:183,0
DA:184,0
DA:188,0
DA:190,0
DA:194,1
DA:196,1
DA:197,0
DA:198,1
DA:203,2
DA:205,1
DA:206,1
DA:207,1
DA:208,1
DA:214,1
DA:215,1
DA:216,1
DA:217,1
DA:218,4
DA:219,1
DA:220,0
DA:221,0
DA:222,0
DA:223,0
DA:225,2
DA:230,1
DA:231,1
DA:232,1
DA:233,1
DA:234,0
DA:235,0
DA:236,0
DA:237,0
DA:239,0
DA:243,1
DA:244,2
DA:245,1
DA:246,1
DA:247,2
DA:248,1
DA:253,0
DA:254,0
DA:255,0
DA:256,0
DA:258,0
DA:259,0
DA:260,0
DA:261,0
DA:263,0
DA:264,0
DA:265,0
DA:266,0
DA:267,0
DA:272,0
DA:275,0
DA:276,0
DA:283,0
DA:286,0
DA:287,0
DA:289,0
DA:290,0
DA:291,0
DA:296,0
DA:298,0
DA:299,0
DA:300,0
DA:301,0
DA:302,0
DA:304,0
DA:305,0
DA:306,0
DA:308,0
DA:311,0
DA:312,0
DA:313,0
DA:315,0
DA:316,0
DA:317,0
DA:318,0
DA:320,0
DA:321,0
DA:322,0
DA:323,0
DA:325,0
DA:328,0
DA:330,0
DA:332,0
DA:333,0
DA:334,0
DA:335,0
DA:337,0
DA:338,0
DA:339,0
DA:350,0
DA:351,0
DA:352,0
DA:353,0
DA:355,0
DA:360,0
DA:361,0
DA:362,0
DA:363,0
DA:364,0
DA:365,0
DA:367,0
DA:368,0
DA:369,0
DA:370,0
DA:371,0
DA:372,0
DA:373,0
DA:378,0
DA:380,0
DA:381,0
DA:382,0
DA:383,0
DA:384,0
DA:386,0
DA:387,0
DA:388,0
DA:389,0
DA:393,0
DA:403,0
DA:404,0
DA:405,0
DA:407,0
DA:409,0
DA:416,0
DA:417,0
DA:420,0
DA:421,0
DA:422,0
DA:424,0
DA:426,0
DA:433,0
DA:434,0
DA:435,0
DA:436,0
DA:438,0
DA:443,0
DA:444,0
DA:445,0
DA:446,0
DA:448,0
DA:449,0
DA:450,0
DA:451,0
DA:452,0
DA:453,0
DA:454,0
DA:459,0
DA:460,0
DA:461,0
DA:463,0
DA:464,0
DA:465,0
DA:473,0
DA:474,0
DA:477,0
DA:480,0
DA:481,0
DA:482,0
DA:484,0
DA:485,0
DA:489,0
DA:490,0
DA:491,0
DA:493,0
DA:494,0
DA:497,0
DA:500,0
DA:503,0
DA:504,0
DA:505,0
DA:506,0
DA:507,0
DA:508,0
DA:509,0
DA:510,0
DA:512,0
DA:514,0
DA:515,0
DA:518,0
DA:520,0
DA:522,0
DA:524,0
DA:525,0
DA:526,0
DA:527,0
DA:534,0
DA:538,0
DA:539,0
DA:542,0
DA:543,0
DA:547,0
DA:550,0
DA:551,0
DA:552,0
DA:553,0
DA:554,0
DA:560,0
DA:561,0
DA:562,0
DA:568,0
DA:569,0
DA:570,0
DA:574,0
DA:577,0
DA:578,0
DA:583,0
DA:584,0
DA:586,0
DA:595,0
DA:597,0
DA:598,0
DA:603,0
DA:604,0
DA:606,0
DA:616,0
DA:617,0
DA:618,0
DA:624,0
DA:626,0
DA:630,0
DA:631,0
DA:636,0
DA:637,0
DA:640,0
DA:644,0
DA:645,0
DA:649,0
DA:653,0
DA:657,0
DA:661,0
DA:662,0
DA:665,0
DA:671,0
DA:674,0
DA:675,0
DA:676,0
DA:680,0
DA:684,0
DA:689,0
DA:690,0
DA:691,0
DA:693,0
DA:695,0
DA:697,0
DA:701,0
DA:703,0
DA:704,0
DA:709,0
DA:711,0
DA:712,0
DA:713,0
DA:714,0
DA:715,0
DA:716,0
DA:717,0
DA:729,0
DA:735,0
DA:736,0
DA:743,0
DA:744,0
DA:745,0
DA:751,0
DA:752,0
DA:760,0
DA:761,0
DA:768,0
DA:769,0
DA:770,0
DA:775,0
DA:777,0
DA:778,0
DA:779,0
DA:780,0
DA:781,0
DA:782,0
DA:783,0
DA:786,0
DA:791,0
DA:794,0
DA:796,0
DA:799,0
DA:801,0
DA:809,0
DA:810,0
DA:811,0
DA:816,0
DA:822,0
DA:823,0
DA:824,0
DA:826,0
DA:827,0
DA:828,0
DA:829,0
DA:833,0
DA:834,0
DA:836,0
DA:837,0
DA:838,0
DA:841,0
DA:849,0
DA:856,0
DA:857,0
DA:858,0
DA:860,0
DA:863,0
DA:864,0
DA:865,0
DA:867,0
DA:868,0
DA:869,0
DA:870,0
DA:871,0
DA:872,0
DA:873,0
DA:874,0
DA:876,0
DA:880,0
DA:881,0
DA:883,0
DA:885,0
DA:888,0
DA:889,0
DA:890,0
DA:894,0
DA:902,0
DA:903,0
DA:904,0
DA:908,0
DA:910,0
DA:911,0
DA:912,0
DA:913,0
DA:914,0
DA:915,0
DA:916,0
DA:917,0
DA:918,0
DA:919,0
DA:921,0
DA:922,0
DA:924,0
DA:925,0
DA:928,0
DA:930,0
DA:931,0
DA:932,0
DA:933,0
DA:934,0
DA:935,0
DA:936,0
DA:937,0
DA:939,0
DA:941,0
DA:945,0
DA:946,0
DA:947,0
DA:948,0
DA:949,0
DA:952,0
DA:954,0
DA:958,1
DA:960,1
DA:961,1
DA:962,3
DA:963,3
DA:964,1
DA:968,0
DA:970,0
DA:971,0
DA:972,0
DA:973,0
DA:979,0
DA:980,0
DA:981,0
DA:983,0
DA:984,0
DA:985,0
DA:986,0
DA:987,0
DA:988,0
DA:989,0
DA:991,0
DA:993,0
DA:994,0
DA:995,0
DA:997,0
DA:998,0
DA:1000,0
DA:1001,0
DA:1002,0
DA:1003,0
DA:1004,0
DA:1007,0
DA:1016,0
DA:1017,0
DA:1018,0
DA:1020,0
DA:1021,0
DA:1022,0
DA:1023,0
DA:1026,0
DA:1027,0
DA:1028,0
DA:1029,0
DA:1031,0
DA:1032,0
DA:1033,0
DA:1034,0
DA:1036,0
DA:1037,0
DA:1038,0
DA:1039,0
DA:1043,0
DA:1044,0
DA:1045,0
DA:1047,0
DA:1049,0
DA:1056,0
DA:1057,0
DA:1059,0
DA:1060,0
DA:1062,0
DA:1063,0
DA:1064,0
DA:1065,0
DA:1066,0
DA:1067,0
DA:1068,0
DA:1075,1
DA:1077,2
DA:1078,1
DA:1084,1
DA:1100,1
DA:1101,1
DA:1102,1
DA:1103,1
DA:1104,1
DA:1105,1
DA:1106,1
DA:1107,1
DA:1108,1
DA:1109,1
DA:1110,1
DA:1111,1
DA:1112,1
DA:1113,1
DA:1114,1
LF:530
LH:97
end_of_record
SF:lib/services/admin_service.dart
DA:16,0
DA:18,0
DA:19,0
DA:20,0
DA:23,0
DA:24,0
DA:26,0
DA:27,0
DA:28,0
DA:29,0
DA:32,0
DA:33,0
DA:36,0
DA:38,0
DA:43,0
DA:44,0
DA:45,0
DA:46,0
DA:49,0
DA:50,0
DA:52,0
DA:57,0
DA:59,0
DA:60,0
DA:61,0
DA:64,0
DA:65,0
DA:66,0
DA:67,0
DA:70,0
DA:71,0
DA:73,0
DA:74,0
DA:76,0
DA:77,0
DA:78,0
DA:81,0
DA:82,0
DA:83,0
DA:85,0
DA:88,0
DA:92,0
DA:95,0
DA:99,0
DA:101,0
DA:106,0
DA:107,0
DA:108,0
DA:109,0
DA:112,0
DA:113,0
DA:115,0
DA:119,0
DA:121,0
DA:122,0
DA:124,0
DA:125,0
DA:127,0
DA:128,0
DA:130,0
DA:132,0
DA:133,0
DA:135,0
DA:136,0
DA:137,0
DA:138,0
DA:141,0
DA:142,0
DA:145,0
DA:147,0
DA:152,0
DA:153,0
DA:154,0
DA:155,0
DA:158,0
DA:159,0
DA:161,0
DA:164,0
DA:166,0
DA:169,0
DA:171,0
DA:173,0
DA:174,0
DA:176,0
DA:177,0
DA:178,0
DA:179,0
DA:180,0
DA:182,0
DA:183,0
DA:184,0
DA:185,0
DA:186,0
DA:190,0
DA:191,0
DA:193,0
DA:194,0
DA:195,0
DA:196,0
DA:198,0
DA:202,0
DA:203,0
DA:208,0
DA:210,0
DA:215,0
DA:217,0
DA:218,0
DA:219,0
DA:222,0
DA:224,0
DA:228,0
DA:229,0
DA:231,0
DA:232,0
DA:233,0
DA:234,0
DA:235,0
DA:236,0
DA:237,0
DA:238,0
DA:239,0
DA:240,0
DA:241,0
DA:245,0
DA:246,0
DA:248,0
DA:249,0
DA:250,0
DA:251,0
DA:253,0
DA:256,0
DA:257,0
DA:258,0
DA:261,0
DA:262,0
DA:263,0
DA:267,0
DA:270,0
DA:272,0
DA:277,0
DA:278,0
DA:279,0
DA:280,0
DA:283,0
DA:284,0
DA:285,0
DA:288,0
DA:289,0
DA:294,0
DA:295,0
DA:299,1
DA:300,1
DA:301,1
DA:302,1
DA:305,0
DA:306,0
DA:308,0
DA:314,0
DA:319,0
DA:320,0
DA:322,0
DA:323,0
DA:324,0
DA:325,0
DA:328,0
DA:329,0
DA:331,0
DA:332,0
DA:335,0
DA:336,0
DA:340,0
DA:341,0
DA:342,0
DA:344,0
DA:348,0
DA:350,0
DA:351,0
DA:356,0
DA:362,0
DA:364,0
DA:365,0
DA:368,0
DA:369,0
DA:370,0
DA:371,0
DA:378,0
DA:379,0
DA:381,0
DA:382,0
DA:385,0
DA:386,0
DA:390,0
DA:391,0
DA:392,0
DA:394,0
DA:398,0
DA:400,0
DA:401,0
DA:406,0
DA:407,0
DA:408,0
DA:409,0
DA:412,1
DA:413,1
DA:414,1
DA:417,1
DA:418,1
DA:419,1
DA:420,0
DA:423,1
DA:425,1
DA:430,0
DA:432,0
DA:433,0
DA:435,0
DA:436,0
DA:438,0
DA:440,0
DA:442,0
DA:444,0
DA:447,0
DA:452,1
DA:454,1
DA:455,1
DA:460,1
DA:461,1
DA:462,1
DA:465,2
DA:467,0
DA:473,0
DA:474,0
DA:475,0
DA:479,0
DA:480,0
DA:484,0
DA:487,0
DA:488,0
DA:491,0
DA:492,0
DA:494,0
DA:497,0
DA:498,0
DA:500,0
DA:506,0
DA:508,0
DA:509,0
DA:510,0
DA:513,0
DA:514,0
DA:516,0
DA:521,0
DA:523,0
DA:526,1
DA:529,1
DA:537,0
DA:539,0
DA:541,0
DA:545,0
DA:548,0
DA:551,0
DA:554,0
DA:557,0
DA:558,0
DA:560,0
DA:566,0
DA:567,0
DA:569,0
DA:570,0
DA:571,0
DA:573,0
DA:574,0
DA:576,0
DA:577,0
DA:580,0
DA:590,0
DA:596,0
DA:598,0
DA:601,0
DA:602,0
DA:606,0
DA:607,0
DA:610,0
DA:613,0
DA:614,0
DA:617,0
DA:618,0
DA:622,0
DA:627,0
DA:628,0
DA:629,0
DA:630,0
DA:632,0
DA:633,0
DA:635,0
DA:636,0
DA:637,0
DA:639,0
DA:640,0
DA:641,0
DA:645,0
DA:651,0
DA:652,0
DA:654,0
DA:655,0
DA:656,0
DA:657,0
DA:658,0
DA:659,0
DA:660,0
DA:662,0
LF:310
LH:21
end_of_record
SF:lib/pages/login_page.dart
DA:9,1
DA:11,1
DA:12,1
DA:22,1
DA:24,2
DA:25,2
DA:26,2
DA:27,1
DA:30,1
DA:32,1
DA:34,1
DA:35,1
DA:36,1
DA:37,1
DA:38,1
DA:40,1
DA:42,1
DA:45,1
DA:46,1
DA:50,1
DA:53,0
DA:54,0
DA:56,0
DA:57,0
DA:58,0
DA:59,0
DA:61,0
DA:64,0
DA:70,1
DA:71,1
DA:73,1
DA:79,1
DA:80,1
DA:82,1
DA:84,1
DA:87,1
DA:88,0
DA:89,0
DA:93,1
DA:94,1
DA:99,1
DA:100,1
DA:106,1
DA:109,1
DA:112,1
DA:113,1
DA:114,1
DA:115,2
DA:117,1
DA:118,0
DA:119,1
DA:120,1
DA:121,1
DA:129,1
DA:132,1
DA:134,1
DA:136,0
DA:137,0
DA:138,0
DA:140,0
DA:141,0
DA:142,0
DA:145,1
DA:146,1
DA:149,1
DA:150,2
DA:162,1
DA:169,1
DA:170,1
DA:171,1
DA:172,1
DA:173,1
DA:175,1
DA:179,1
DA:180,1
DA:181,1
DA:183,1
DA:184,1
DA:186,1
DA:192,0
DA:193,0
DA:194,0
DA:198,0
DA:199,0
DA:203,0
DA:206,0
DA:207,0
DA:210,0
DA:211,0
DA:213,0
DA:214,0
DA:218,0
DA:221,0
DA:222,0
DA:226,0
DA:227,0
DA:228,0
DA:232,0
DA:233,0
DA:234,0
DA:239,0
DA:243,0
DA:244,0
DA:245,0
DA:249,0
DA:250,0
DA:251,0
DA:254,0
DA:255,0
DA:260,0
DA:262,0
DA:263,0
DA:267,0
DA:270,0
DA:271,0
DA:274,0
DA:277,0
DA:278,0
DA:281,0
DA:282,0
DA:285,0
DA:289,0
DA:292,0
DA:293,0
DA:295,0
DA:296,0
DA:298,0
DA:299,0
DA:300,0
DA:301,0
DA:302,0
DA:304,0
DA:305,0
DA:306,0
DA:307,0
LF:135
LH:62
end_of_record
SF:lib/pages/home_page.dart
DA:16,1
DA:22,1
DA:23,1
DA:47,1
DA:49,1
DA:50,1
DA:54,1
DA:56,3
DA:57,4
DA:58,4
DA:60,1
DA:61,2
DA:64,0
DA:66,0
DA:67,0
DA:68,0
DA:69,0
DA:70,0
DA:72,0
DA:75,2
DA:76,1
DA:77,3
DA:78,1
DA:80,2
DA:86,0
DA:87,0
DA:88,0
DA:89,0
DA:91,0
DA:94,0
DA:95,0
DA:96,0
DA:97,0
DA:98,0
DA:105,0
DA:106,0
DA:111,0
DA:112,0
DA:117,0
DA:118,0
DA:123,0
DA:127,1
DA:129,1
DA:130,1
DA:131,1
DA:133,1
DA:136,1
DA:137,1
DA:138,1
DA:140,1
DA:141,1
DA:142,1
DA:143,1
DA:144,1
DA:146,0
DA:147,1
DA:149,1
DA:150,1
DA:151,1
DA:152,2
DA:153,1
DA:160,1
DA:162,1
DA:163,1
DA:165,1
DA:169,1
DA:170,1
DA:172,1
DA:173,1
DA:175,1
DA:185,1
DA:186,1
DA:187,1
DA:188,1
DA:189,1
DA:190,1
DA:191,1
DA:192,1
DA:194,1
DA:198,1
DA:199,1
DA:200,1
DA:201,1
DA:202,1
DA:205,1
DA:209,1
DA:213,1
DA:218,1
DA:220,1
DA:221,0
DA:222,0
DA:223,0
DA:224,0
DA:227,1
DA:228,1
DA:232,1
DA:233,1
DA:234,1
DA:235,1
DA:237,1
DA:238,2
DA:239,0
DA:242,1
DA:244,1
DA:245,1
DA:246,1
DA:250,1
DA:251,1
DA:255,1
DA:256,1
DA:258,1
DA:260,1
DA:274,1
DA:277,1
DA:280,2
DA:290,1
DA:291,1
DA:293,1
DA:295,1
DA:296,1
DA:298,1
DA:300,1
DA:301,1
DA:302,2
DA:303,0
DA:304,0
DA:305,0
DA:306,0
DA:308,0
DA:310,1
DA:311,2
DA:312,0
DA:313,0
DA:314,0
DA:315,0
DA:317,0
DA:319,1
DA:320,2
DA:321,0
DA:322,0
DA:323,0
DA:324,0
DA:326,0
DA:330,1
DA:332,1
DA:334,1
DA:336,4
DA:337,1
DA:338,1
DA:339,2
DA:342,0
DA:343,0
DA:344,0
DA:345,0
DA:347,0
DA:350,1
DA:353,1
DA:355,1
DA:356,0
DA:357,0
DA:359,0
DA:361,0
DA:364,0
DA:365,0
DA:366,0
DA:368,0
DA:369,0
DA:370,0
DA:371,0
DA:372,0
DA:373,0
DA:377,0
DA:381,0
DA:390,1
DA:391,1
DA:392,2
DA:395,2
DA:396,1
DA:397,1
DA:399,1
DA:404,0
DA:405,0
DA:406,0
DA:407,0
DA:411,0
DA:412,0
DA:413,0
DA:414,0
DA:415,0
DA:416,0
DA:419,0
DA:420,0
DA:421,0
DA:422,0
DA:423,0
DA:424,0
DA:426,0
DA:427,0
DA:428,0
DA:432,0
DA:433,0
DA:434,0
DA:436,0
DA:437,0
DA:438,0
DA:439,0
DA:440,0
DA:441,0
DA:442,0
DA:449,0
DA:450,0
DA:451,0
DA:453,0
DA:454,0
DA:455,0
DA:456,0
DA:458,0
DA:459,0
DA:460,0
DA:469,0
DA:470,0
DA:471,0
DA:472,0
DA:473,0
DA:475,0
DA:476,0
DA:477,0
DA:478,0
DA:480,0
DA:481,0
DA:482,0
DA:483,0
DA:484,0
DA:485,0
DA:488,0
DA:489,0
DA:490,0
DA:491,0
DA:492,0
DA:493,0
DA:494,0
DA:497,0
DA:498,0
DA:499,0
DA:500,0
DA:501,0
DA:503,0
DA:504,0
DA:505,0
DA:506,0
DA:507,0
DA:509,0
DA:511,0
DA:512,0
DA:513,0
DA:514,0
DA:515,0
DA:516,0
DA:519,0
DA:521,0
DA:525,0
DA:527,0
DA:545,0
DA:546,0
DA:547,0
DA:548,0
DA:549,0
DA:550,0
DA:551,0
DA:552,0
DA:554,0
DA:555,0
DA:556,0
DA:562,1
DA:567,1
DA:568,1
DA:569,1
DA:571,0
DA:572,1
DA:573,1
DA:575,1
DA:579,1
DA:580,1
DA:581,1
DA:582,1
DA:588,1
DA:589,1
DA:590,1
DA:592,2
DA:593,1
DA:594,1
DA:595,1
DA:596,1
DA:597,1
DA:598,0
DA:605,0
DA:606,0
DA:607,0
DA:608,0
DA:612,0
DA:613,0
DA:614,0
DA:615,0
DA:617,0
DA:618,0
DA:619,0
DA:621,0
LF:307
LH:135
end_of_record
SF:lib/pages/my_rentals_page.dart
DA:8,0
DA:10,0
DA:11,0
DA:19,0
DA:20,0
DA:21,0
DA:23,0
DA:24,0
DA:25,0
DA:26,0
DA:27,0
DA:29,0
DA:36,0
DA:38,0
DA:39,0
DA:42,0
DA:44,0
DA:45,0
DA:46,0
DA:48,0
DA:49,0
DA:50,0
DA:51,0
DA:52,0
DA:54,0
DA:57,0
DA:58,0
DA:59,0
DA:60,0
DA:62,0
DA:68,0
DA:69,0
DA:70,0
DA:72,0
DA:74,0
DA:75,0
DA:77,0
DA:78,0
DA:80,0
DA:82,0
DA:85,0
DA:86,0
DA:88,0
DA:89,0
DA:90,0
DA:91,0
DA:94,0
DA:95,0
DA:97,0
DA:108,0
DA:109,0
DA:110,0
DA:112,0
DA:114,0
DA:115,0
DA:116,0
DA:125,0
DA:126,0
DA:127,0
DA:129,0
DA:131,0
DA:133,0
DA:135,0
DA:139,0
DA:140,0
DA:144,0
DA:145,0
DA:147,0
DA:149,0
DA:151,0
DA:152,0
DA:155,0
DA:158,0
DA:159,0
DA:163,0
DA:164,0
DA:168,0
DA:171,0
DA:172,0
DA:174,0
DA:185,0
DA:186,0
DA:187,0
DA:188,0
DA:189,0
DA:191,0
DA:192,0
DA:193,0
DA:197,0
DA:199,0
DA:201,0
DA:209,0
DA:211,0
DA:213,0
DA:214,0
DA:215,0
DA:218,0
DA:220,0
DA:222,0
DA:223,0
DA:231,0
DA:232,0
DA:234,0
DA:235,0
DA:238,0
DA:241,0
DA:242,0
DA:249,0
DA:250,0
DA:251,0
DA:253,0
DA:254,0
DA:264,0
DA:265,0
DA:268,0
DA:270,0
DA:272,0
DA:280,0
DA:281,0
DA:284,0
DA:286,0
DA:288,0
DA:290,0
DA:291,0
DA:292,0
DA:300,0
DA:301,0
DA:302,0
DA:303,0
DA:306,0
DA:307,0
DA:311,0
DA:312,0
DA:313,0
DA:314,0
DA:318,0
DA:322,0
DA:323,0
DA:327,0
DA:337,0
DA:338,0
DA:341,0
DA:343,0
DA:345,0
DA:347,0
DA:348,0
DA:349,0
DA:357,0
DA:358,0
DA:361,0
DA:362,0
DA:366,0
DA:368,0
DA:372,0
DA:380,0
DA:381,0
LF:156
LH:0
end_of_record
SF:lib/widgets/rent_item_dialog.dart
DA:10,0
DA:12,0
DA:13,0
DA:20,0
DA:22,0
DA:24,0
DA:25,0
DA:26,0
DA:28,0
DA:30,0
DA:31,0
DA:32,0
DA:35,0
DA:36,0
DA:37,0
DA:40,0
DA:41,0
DA:42,0
DA:43,0
DA:44,0
DA:59,0
DA:60,0
DA:63,0
DA:64,0
DA:65,0
DA:73,0
DA:74,0
DA:76,0
DA:78,0
DA:79,0
DA:81,0
DA:92,0
DA:93,0
DA:96,0
DA:97,0
DA:100,0
DA:101,0
DA:104,0
DA:105,0
DA:107,0
DA:108,0
DA:109,0
DA:111,0
DA:112,0
DA:114,0
DA:116,0
DA:117,0
DA:119,0
DA:120,0
DA:122,0
DA:128,0
DA:129,0
DA:130,0
DA:132,0
DA:134,0
DA:135,0
DA:136,0
DA:138,0
DA:144,0
LF:59
LH:0
end_of_record
SF:lib/widgets/snow_fall_widget.dart
DA:5,1
DA:7,1
DA:8,1
DA:17,1
DA:19,1
DA:20,2
DA:23,1
DA:26,2
DA:29,2
DA:30,4
DA:34,1
DA:37,3
DA:39,1
DA:40,1
DA:41,1
DA:42,2
DA:43,2
DA:45,1
DA:46,2
DA:61,1
DA:62,5
DA:63,5
DA:66,1
DA:67,3
DA:68,3
DA:70,3
DA:71,1
DA:72,5
DA:76,2
DA:77,2
DA:78,3
DA:79,1
DA:82,3
DA:83,5
DA:91,1
DA:93,1
DA:96,1
DA:97,2
DA:98,1
DA:100,2
DA:101,1
DA:102,7
DA:103,1
DA:109,1
LF:44
LH:44
end_of_record
SF:lib/widgets/hover_button.dart
DA:10,1
DA:18,1
DA:19,1
DA:25,1
DA:27,1
DA:28,0
DA:29,0
DA:30,1
DA:31,2
DA:32,1
DA:33,1
DA:34,3
DA:35,1
DA:37,2
DA:38,2
LF:15
LH:13
end_of_record
SF:lib/pages/item_detail_page.dart
DA:10,0
DA:12,0
DA:13,0
DA:20,0
DA:22,0
DA:23,0
DA:26,0
DA:27,0
DA:29,0
DA:32,0
DA:33,0
DA:34,0
DA:35,0
DA:36,0
DA:40,0
DA:41,0
DA:42,0
DA:47,0
DA:49,0
DA:51,0
DA:52,0
DA:54,0
DA:56,0
DA:57,0
DA:58,0
DA:59,0
DA:60,0
DA:62,0
DA:63,0
DA:65,0
DA:66,0
DA:67,0
DA:68,0
DA:80,0
DA:81,0
DA:82,0
DA:84,0
DA:86,0
DA:88,0
DA:89,0
DA:90,0
DA:92,0
DA:94,0
DA:95,0
DA:99,0
DA:101,0
DA:102,0
DA:103,0
DA:104,0
DA:106,0
DA:107,0
DA:110,0
DA:116,0
DA:119,0
DA:120,0
DA:121,0
DA:122,0
DA:123,0
DA:124,0
DA:125,0
DA:126,0
DA:133,0
DA:137,0
DA:138,0
DA:139,0
DA:141,0
DA:146,0
DA:147,0
DA:148,0
DA:154,0
DA:158,0
DA:159,0
DA:160,0
DA:162,0
DA:167,0
DA:168,0
DA:169,0
DA:175,0
DA:179,0
DA:180,0
DA:181,0
DA:183,0
DA:188,0
DA:189,0
DA:190,0
DA:195,0
DA:199,0
DA:201,0
DA:203,0
DA:206,0
DA:207,0
DA:208,0
DA:209,0
DA:210,0
DA:211,0
DA:212,0
DA:213,0
DA:214,0
DA:215,0
DA:216,0
DA:217,0
DA:218,0
DA:223,0
DA:224,0
DA:225,0
DA:226,0
DA:228,0
DA:233,0
DA:234,0
DA:235,0
DA:243,0
DA:244,0
DA:245,0
DA:247,0
DA:253,0
DA:254,0
DA:269,0
DA:270,0
DA:271,0
DA:272,0
DA:273,0
DA:274,0
DA:279,0
DA:280,0
DA:281,0
DA:282,0
DA:284,0
DA:289,0
DA:291,0
DA:295,0
DA:296,0
DA:297,0
DA:298,0
DA:299,0
DA:300,0
DA:301,0
DA:303,0
DA:305,0
DA:306,0
DA:308,0
DA:309,0
DA:310,0
DA:311,0
DA:316,0
DA:317,0
DA:318,0
DA:322,0
DA:323,0
DA:325,0
DA:326,0
DA:327,0
DA:334,0
DA:335,0
DA:337,0
DA:338,0
DA:341,0
DA:342,0
DA:343,0
DA:344,0
DA:346,0
DA:348,0
DA:349,0
DA:350,0
DA:351,0
DA:359,0
DA:360,0
DA:363,0
DA:364,0
DA:365,0
DA:366,0
DA:368,0
DA:370,0
DA:373,0
DA:374,0
DA:376,0
DA:380,0
DA:381,0
DA:383,0
DA:384,0
DA:385,0
DA:387,0
DA:388,0
DA:393,0
DA:394,0
DA:397,0
DA:398,0
DA:400,0
DA:401,0
DA:402,0
DA:403,0
DA:405,0
DA:419,0
DA:420,0
DA:421,0
DA:422,0
DA:423,0
DA:424,0
DA:426,0
DA:427,0
DA:428,0
DA:433,0
DA:435,0
DA:438,0
DA:439,0
DA:445,0
DA:447,0
DA:448,0
DA:450,0
DA:452,0
DA:455,0
DA:459,0
DA:460,0
DA:461,0
DA:463,0
DA:464,0
DA:465,0
LF:216
LH:0
end_of_record
SF:lib/pages/my_account_page.dart
DA:7,0
DA:9,0
DA:10,0
DA:19,0
DA:21,0
DA:22,0
DA:25,0
DA:27,0
DA:28,0
DA:29,0
DA:30,0
DA:33,0
DA:34,0
DA:36,0
DA:37,0
DA:41,0
DA:42,0
DA:46,0
DA:49,0
DA:51,0
DA:52,0
DA:53,0
DA:54,0
DA:56,0
DA:59,0
DA:60,0
DA:61,0
DA:63,0
DA:64,0
DA:65,0
DA:66,0
DA:71,0
DA:76,0
DA:77,0
DA:78,0
DA:80,0
DA:81,0
DA:85,0
DA:86,0
DA:93,0
DA:96,0
DA:97,0
DA:98,0
DA:99,0
DA:100,0
DA:103,0
DA:104,0
DA:107,0
DA:111,0
DA:112,0
DA:115,0
DA:116,0
DA:117,0
DA:118,0
DA:119,0
DA:123,0
DA:124,0
DA:127,0
DA:131,0
DA:132,0
DA:133,0
DA:134,0
DA:136,0
DA:137,0
DA:138,0
DA:139,0
DA:143,0
DA:144,0
DA:147,0
DA:149,0
DA:150,0
DA:151,0
DA:156,0
DA:157,0
DA:158,0
DA:163,0
DA:164,0
DA:168,0
DA:169,0
DA:170,0
DA:174,0
DA:176,0
DA:185,0
DA:186,0
DA:188,0
DA:189,0
DA:191,0
DA:197,0
DA:198,0
DA:203,0
DA:205,0
DA:207,0
DA:208,0
DA:210,0
DA:212,0
DA:213,0
DA:214,0
DA:215,0
DA:216,0
DA:218,0
DA:219,0
DA:221,0
DA:222,0
DA:224,0
DA:236,0
DA:243,0
DA:249,0
DA:250,0
DA:251,0
DA:252,0
DA:254,0
DA:257,0
DA:258,0
DA:260,0
DA:261,0
DA:263,0
DA:269,0
DA:275,0
DA:277,0
DA:278,0
DA:279,0
DA:280,0
DA:281,0
DA:283,0
DA:284,0
DA:285,0
DA:287,0
DA:288,0
DA:289,0
DA:290,0
DA:292,0
DA:294,0
DA:305,0
DA:306,0
DA:307,0
DA:309,0
DA:310,0
DA:311,0
DA:312,0
DA:313,0
DA:314,0
DA:315,0
LF:142
LH:0
end_of_record
SF:lib/pages/location_selection_page.dart
DA:28,0
DA:30,0
DA:32,0
DA:34,0
DA:35,0
DA:37,0
DA:40,0
DA:41,0
DA:42,0
DA:43,0
DA:44,0
DA:45,0
DA:46,0
DA:47,0
DA:48,0
DA:50,0
DA:56,0
DA:57,0
DA:59,0
DA:61,0
DA:62,0
DA:63,0
DA:64,0
DA:65,0
DA:66,0
DA:67,0
DA:68,0
DA:69,0
DA:71,0
DA:72,0
DA:74,0
DA:76,0
DA:77,0
DA:79,0
DA:84,0
DA:86,0
DA:87,0
DA:88,0
DA:89,0
DA:90,0
DA:91,0
DA:95,0
DA:96,0
DA:97,0
DA:100,0
DA:101,0
DA:104,0
DA:108,0
DA:109,0
DA:110,0
DA:114,0
DA:115,0
DA:116,0
DA:117,0
DA:118,0
DA:125,0
LF:56
LH:0
end_of_record
SF:lib/widgets/create_review_dialog.dart
DA:10,0
DA:16,0
DA:17,0
DA:25,0
DA:27,0
DA:28,0
DA:31,0
DA:32,0
DA:33,0
DA:37,0
DA:40,0
DA:41,0
DA:42,0
DA:44,0
DA:45,0
DA:49,0
DA:50,0
DA:51,0
DA:54,0
DA:55,0
DA:56,0
DA:61,0
DA:62,0
DA:63,0
DA:65,0
DA:67,0
DA:68,0
DA:69,0
DA:71,0
DA:78,0
DA:80,0
DA:82,0
DA:84,0
DA:86,0
DA:87,0
DA:93,0
DA:95,0
DA:96,0
DA:100,0
DA:101,0
DA:104,0
DA:105,0
DA:106,0
DA:115,0
DA:117,0
DA:118,0
DA:128,0
DA:129,0
DA:131,0
DA:133,0
DA:135,0
DA:137,0
LF:52
LH:0
end_of_record
